2016-03-05 06:02:20 paged_title() [Arabic | اخبار العالم | Page 176 | اخبار العالم] [ - Part 176]
2016-03-05 06:08:16 paged_title() [Arabic | اخبار العالم | Page 197 | اخبار العالم] [ - Part 197]
2016-03-05 06:08:30 paged_title() [Arabic | اخبار العالم | Page 177 | اخبار العالم] [ - Part 177]
2016-03-05 06:08:44 paged_title() [Arabic | اخبار العالم | Page 198 | اخبار العالم] [ - Part 198]
2016-03-05 07:00:58 paged_title() [22 | December | 2015 | اخبار العالم | Page 6 | اخبار العالم] [ - Part 6]
2016-03-05 08:45:16 paged_title() [العربية | اخبار العالم | Page 5 | اخبار العالم] [ - Part 5]
2016-03-05 09:16:43 paged_title() [Whywebs SEO world] [ - Part 761]
2016-03-05 09:28:05 paged_title() [30 | November | 2015 | اخبار العالم | Page 7 | اخبار العالم] [ - Part 7]
2016-03-05 09:45:41 paged_title() [Whywebs SEO world] [ - Part 652]
2016-03-05 10:37:07 paged_title() [Akhbar | اخبار العالم] [ - Part 21]
2016-03-05 11:37:53 paged_title() [RTnews | اخبار العالم | Page 45 | اخبار العالم] [ - Part 45]
2016-03-05 11:39:51 paged_title() [Admin | اخبار العالم | Page 342 | اخبار العالم] [ - Part 342]
2016-03-05 11:45:55 paged_title() [Admin | اخبار العالم | Page 343 | اخبار العالم] [ - Part 343]
2016-03-05 11:51:09 paged_title() [Admin | اخبار العالم | Page 305 | اخبار العالم] [ - Part 305]
2016-03-05 11:51:48 paged_title() [News | اخبار العالم | Page 351 | اخبار العالم] [ - Part 351]
2016-03-05 11:57:00 paged_title() [News | اخبار العالم | Page 343 | اخبار العالم] [ - Part 343]
2016-03-05 11:59:08 paged_title() [Whywebs SEO world] [ - Part 762]
2016-03-05 11:59:59 paged_title() [Whywebs SEO world] [ - Part 762]
2016-03-05 12:05:18 paged_title() [News | اخبار العالم | Page 350 | اخبار العالم] [ - Part 350]
2016-03-05 12:07:24 paged_title() [Admin | اخبار العالم | Page 304 | اخبار العالم] [ - Part 304]
2016-03-05 12:13:19 paged_title() [RTnews | اخبار العالم | Page 46 | اخبار العالم] [ - Part 46]
2016-03-05 12:16:36 paged_title() [News | اخبار العالم | Page 327 | اخبار العالم] [ - Part 327]
2016-03-05 12:29:31 paged_title() [News | اخبار العالم | Page 326 | اخبار العالم] [ - Part 326]
2016-03-05 12:30:40 paged_title() [News | اخبار العالم | Page 181 | اخبار العالم] [ - Part 181]
2016-03-05 12:38:58 paged_title() [News | اخبار العالم | Page 325 | اخبار العالم] [ - Part 325]
2016-03-05 12:51:15 paged_title() [Whywebs SEO world] [ - Part 2]
2016-03-05 13:06:03 paged_title() [RTnews | اخبار العالم | Page 90 | اخبار العالم] [ - Part 90]
2016-03-05 13:34:08 paged_title() [العربية | اخبار العالم | Page 4 | اخبار العالم] [ - Part 4]
2016-03-05 14:53:18 paged_title() [Whywebs SEO world] [ - Part 755]
2016-03-05 15:01:56 paged_title() [RTnews | اخبار العالم | Page 90 | اخبار العالم] [ - Part 90]
2016-03-05 15:22:41 paged_title() [Whywebs SEO world] [ - Part 763]
2016-03-05 15:47:14 paged_title() [RTnews | اخبار العالم] [ - Part 89]
2016-03-05 16:06:03 paged_title() [03 | March | 2016 | اخبار العالم | Page 4 | اخبار العالم] [ - Part 4]
2016-03-05 16:12:55 paged_title() [العربية | اخبار العالم] [ - Part 2]
2016-03-05 16:20:56 paged_title() [News Show And More | اخبار العالم | Page 142 | اخبار العالم] [ - Part 142]
2016-03-05 16:34:32 paged_title() [Whywebs SEO world] [ - Part 762]
2016-03-05 16:36:45 paged_title() [Whywebs SEO world] [ - Part 763]
2016-03-05 18:27:48 paged_title() [Whywebs SEO world] [ - Part 764]
2016-03-05 18:43:14 paged_title() [01 | December | 2015 | اخبار العالم | Page 2 | اخبار العالم] [ - Part 2]
2016-03-05 18:52:51 paged_title() [09 | February | 2016 | اخبار العالم | Page 4 | اخبار العالم] [ - Part 4]
2016-03-05 20:19:19 paged_title() [Whywebs SEO world] [ - Part 765]
2016-03-05 20:52:02 paged_title() [Arabic | اخبار العالم | Page 196 | اخبار العالم] [ - Part 196]
2016-03-05 20:53:41 paged_title() [Admin | اخبار العالم | Page 344 | اخبار العالم] [ - Part 344]
2016-03-05 20:55:57 paged_title() [Arabic | اخبار العالم | Page 178 | اخبار العالم] [ - Part 178]
2016-03-05 20:58:28 paged_title() [Admin | اخبار العالم | Page 345 | اخبار العالم] [ - Part 345]
2016-03-05 21:03:24 paged_title() [Arabic | اخبار العالم | Page 200 | اخبار العالم] [ - Part 200]
2016-03-05 21:03:48 paged_title() [Arabic | اخبار العالم | Page 179 | اخبار العالم] [ - Part 179]
2016-03-05 21:04:57 paged_title() [Admin | اخبار العالم | Page 303 | اخبار العالم] [ - Part 303]
2016-03-05 21:06:38 paged_title() [Arabic | اخبار العالم | Page 180 | اخبار العالم] [ - Part 180]
2016-03-05 21:12:18 paged_title() [Arabic | اخبار العالم | Page 181 | اخبار العالم] [ - Part 181]
2016-03-05 21:15:43 paged_title() [Arabic | اخبار العالم | Page 182 | اخبار العالم] [ - Part 182]
2016-03-05 21:19:04 paged_title() [News | اخبار العالم | Page 342 | اخبار العالم] [ - Part 342]
2016-03-05 22:52:12 paged_title() [03 | March | 2016 | اخبار العالم | Page 7 | اخبار العالم] [ - Part 7]
2016-03-05 23:14:39 paged_title() [Whywebs SEO world] [ - Part 766]
2016-03-05 23:23:24 paged_title() [04 | March | 2016 | اخبار العالم | Page 8 | اخبار العالم] [ - Part 8]
2016-03-05 23:58:33 paged_title() [04 | March | 2016 | اخبار العالم | Page 9 | اخبار العالم] [ - Part 9]
2016-03-06 02:06:28 paged_title() [2016  March  04 | اخبار العالم] [ - Part 3]
2016-03-06 02:53:26 paged_title() [Euronewsar | اخبار العالم | Page 40 | اخبار العالم] [ - Part 40]
2016-03-06 03:13:47 paged_title() [01 | February | 2016 | اخبار العالم | Page 6 | اخبار العالم] [ - Part 6]
2016-03-06 03:40:57 paged_title() [France News | اخبار العالم] [ - Part 3]
2016-03-06 03:41:40 paged_title() [العربية | اخبار العالم] [ - Part 6]
2016-03-06 04:20:20 paged_title() [RTnews | اخبار العالم] [ - Part 78]
